{"level":"info","message":"GET en /socket.io/?EIO=4&transport=polling&t=OV-Ntkp + function toLocaleTimeString() { [native code] } "}
{"level":"info","message":"GET en /socket.io/?EIO=4&transport=polling&t=OV-Nvhn + function toLocaleTimeString() { [native code] } "}
{"level":"info","message":"GET en / + function toLocaleTimeString() { [native code] } "}
{"level":"info","message":"GET en /api/auth/login + function toLocaleTimeString() { [native code] } "}
{"level":"info","message":"GET en /login + function toLocaleTimeString() { [native code] } "}
{"level":"info","message":"GET en /socket.io/socket.io.js + function toLocaleTimeString() { [native code] } "}
{"level":"info","message":"GET en /api/auth/index.js + function toLocaleTimeString() { [native code] } "}
{"level":"info","message":"POST en /api/auth/login + function toLocaleTimeString() { [native code] } "}
{"level":"info","message":"GET en / + function toLocaleTimeString() { [native code] } "}
{"level":"info","message":"GET en /socket.io/socket.io.js + function toLocaleTimeString() { [native code] } "}
{"level":"info","message":"GET en /index.js + function toLocaleTimeString() { [native code] } "}
{"level":"info","message":"GET en /api/productos + function toLocaleTimeString() { [native code] } "}
{"level":"info","message":"GET en /socket.io/socket.io.js + function toLocaleTimeString() { [native code] } "}
{"level":"info","message":"GET en /api/index.js + function toLocaleTimeString() { [native code] } "}
{"level":"info","message":"GET en / + function toLocaleTimeString() { [native code] } "}
{"level":"info","message":"GET en /socket.io/socket.io.js + function toLocaleTimeString() { [native code] } "}
{"level":"info","message":"GET en /index.js + function toLocaleTimeString() { [native code] } "}
{"level":"info","message":"GET en / + function toLocaleTimeString() { [native code] } "}
{"level":"info","message":"GET en /socket.io/socket.io.js + function toLocaleTimeString() { [native code] } "}
{"level":"info","message":"GET en /index.js + function toLocaleTimeString() { [native code] } "}
{"level":"info","message":"GET en /api/productos + function toLocaleTimeString() { [native code] } "}
{"level":"info","message":"GET en /socket.io/socket.io.js + function toLocaleTimeString() { [native code] } "}
{"level":"info","message":"GET en /api/index.js + function toLocaleTimeString() { [native code] } "}
{"level":"info","message":"GET en /api/carritos + function toLocaleTimeString() { [native code] } "}
{"level":"info","message":"GET en /api/profile + function toLocaleTimeString() { [native code] } "}
{"level":"info","message":"GET en / + function toLocaleTimeString() { [native code] } "}
{"level":"info","message":"GET en /socket.io/socket.io.js + function toLocaleTimeString() { [native code] } "}
{"level":"info","message":"GET en /api/index.js + function toLocaleTimeString() { [native code] } "}
{"level":"info","message":"GET en /socket.io/socket.io.js + function toLocaleTimeString() { [native code] } "}
{"level":"info","message":"GET en /socket.io/socket.io.js + function toLocaleTimeString() { [native code] } "}
{"level":"info","message":"GET en /api/carrito + function toLocaleTimeString() { [native code] } "}
{"level":"info","message":"GET en /socket.io/socket.io.js + function toLocaleTimeString() { [native code] } "}
{"level":"info","message":"GET en /api/index.js + function toLocaleTimeString() { [native code] } "}
{"level":"info","message":"GET en / + function toLocaleTimeString() { [native code] } "}
{"level":"info","message":"GET en /socket.io/socket.io.js + function toLocaleTimeString() { [native code] } "}
{"level":"info","message":"GET en /index.js + function toLocaleTimeString() { [native code] } "}
{"level":"info","message":"GET en / + function toLocaleTimeString() { [native code] } "}
{"level":"info","message":"GET en /socket.io/socket.io.js + function toLocaleTimeString() { [native code] } "}
{"level":"info","message":"GET en /index.js + function toLocaleTimeString() { [native code] } "}
{"level":"info","message":"GET en /api/productos + function toLocaleTimeString() { [native code] } "}
{"level":"info","message":"GET en /socket.io/socket.io.js + function toLocaleTimeString() { [native code] } "}
{"level":"info","message":"GET en /api/index.js + function toLocaleTimeString() { [native code] } "}
{"level":"info","message":"POST en /api/carrito//productos/63c4379fcf23ee959d49b3d8 + function toLocaleTimeString() { [native code] } "}
{"level":"info","message":"GET en / + function toLocaleTimeString() { [native code] } "}
{"level":"info","message":"GET en /api/auth/login + function toLocaleTimeString() { [native code] } "}
{"level":"info","message":"GET en /login + function toLocaleTimeString() { [native code] } "}
{"level":"info","message":"GET en /socket.io/socket.io.js + function toLocaleTimeString() { [native code] } "}
{"level":"info","message":"GET en /api/auth/index.js + function toLocaleTimeString() { [native code] } "}
{"level":"info","message":"POST en /api/auth/login + function toLocaleTimeString() { [native code] } "}
{"level":"info","message":"GET en /api/auth/loginFail + function toLocaleTimeString() { [native code] } "}
{"level":"info","message":"GET en /loginFail + function toLocaleTimeString() { [native code] } "}
{"level":"info","message":"GET en /api/auth/login + function toLocaleTimeString() { [native code] } "}
{"level":"info","message":"GET en /login + function toLocaleTimeString() { [native code] } "}
{"level":"info","message":"GET en /api/auth/register + function toLocaleTimeString() { [native code] } "}
{"level":"info","message":"GET en /register + function toLocaleTimeString() { [native code] } "}
{"level":"info","message":"GET en /socket.io/socket.io.js + function toLocaleTimeString() { [native code] } "}
{"level":"info","message":"GET en /api/auth/index.js + function toLocaleTimeString() { [native code] } "}
{"level":"info","message":"POST en /api/auth/register + function toLocaleTimeString() { [native code] } "}
{"level":"info","message":"GET en / + function toLocaleTimeString() { [native code] } "}
{"level":"info","message":"GET en /socket.io/socket.io.js + function toLocaleTimeString() { [native code] } "}
{"level":"info","message":"GET en /index.js + function toLocaleTimeString() { [native code] } "}
{"level":"info","message":"GET en /api/carrito + function toLocaleTimeString() { [native code] } "}
{"level":"info","message":"GET en /socket.io/socket.io.js + function toLocaleTimeString() { [native code] } "}
{"level":"info","message":"GET en /api/index.js + function toLocaleTimeString() { [native code] } "}
{"level":"info","message":"GET en /api/productos + function toLocaleTimeString() { [native code] } "}
{"level":"info","message":"GET en /socket.io/socket.io.js + function toLocaleTimeString() { [native code] } "}
{"level":"info","message":"GET en /api/index.js + function toLocaleTimeString() { [native code] } "}
{"level":"info","message":"POST en /api/carrito/6459b4d5e3d731f2ea6e6380/productos/63c4379fcf23ee959d49b3d8 + function toLocaleTimeString() { [native code] } "}
{"level":"info","message":"POST en /api/carrito/6459b4d5e3d731f2ea6e6380/productos/63c4379fcf23ee959d49b3d8 + function toLocaleTimeString() { [native code] } "}
{"level":"info","message":"POST en /api/carrito/6459b4d5e3d731f2ea6e6380/productos/63c4379fcf23ee959d49b3d8 + function toLocaleTimeString() { [native code] } "}
{"level":"info","message":"POST en /api/carrito/6459b4d5e3d731f2ea6e6380/productos/63c4379fcf23ee959d49b3d8 + function toLocaleTimeString() { [native code] } "}
{"level":"info","message":"GET en / + function toLocaleTimeString() { [native code] } "}
{"level":"info","message":"GET en /socket.io/socket.io.js + function toLocaleTimeString() { [native code] } "}
{"level":"info","message":"GET en /index.js + function toLocaleTimeString() { [native code] } "}
{"level":"info","message":"GET en / + function toLocaleTimeString() { [native code] } "}
{"level":"info","message":"GET en /socket.io/socket.io.js + function toLocaleTimeString() { [native code] } "}
{"level":"info","message":"GET en /index.js + function toLocaleTimeString() { [native code] } "}
{"level":"info","message":"GET en /api/productos + function toLocaleTimeString() { [native code] } "}
{"level":"info","message":"GET en /socket.io/socket.io.js + function toLocaleTimeString() { [native code] } "}
{"level":"info","message":"GET en /api/index.js + function toLocaleTimeString() { [native code] } "}
{"level":"info","message":"GET en /socket.io/?EIO=4&transport=polling&t=OV-SY4U + function toLocaleTimeString() { [native code] } "}
{"level":"info","message":"GET en /socket.io/?EIO=4&transport=polling&t=OV-SZRO + function toLocaleTimeString() { [native code] } "}
{"level":"info","message":"GET en / + function toLocaleTimeString() { [native code] } "}
{"level":"info","message":"GET en /api/auth/login + function toLocaleTimeString() { [native code] } "}
{"level":"info","message":"GET en /login + function toLocaleTimeString() { [native code] } "}
{"level":"info","message":"GET en /socket.io/socket.io.js + function toLocaleTimeString() { [native code] } "}
{"level":"info","message":"GET en /api/auth/index.js + function toLocaleTimeString() { [native code] } "}
{"level":"info","message":"POST en /api/auth/login + function toLocaleTimeString() { [native code] } "}
{"level":"info","message":"GET en / + function toLocaleTimeString() { [native code] } "}
{"level":"info","message":"GET en /socket.io/socket.io.js + function toLocaleTimeString() { [native code] } "}
{"level":"info","message":"GET en /index.js + function toLocaleTimeString() { [native code] } "}
{"level":"info","message":"GET en / + function toLocaleTimeString() { [native code] } "}
{"level":"info","message":"GET en /socket.io/socket.io.js + function toLocaleTimeString() { [native code] } "}
{"level":"info","message":"GET en /index.js + function toLocaleTimeString() { [native code] } "}
{"level":"info","message":"GET en / + function toLocaleTimeString() { [native code] } "}
{"level":"info","message":"GET en /socket.io/socket.io.js + function toLocaleTimeString() { [native code] } "}
{"level":"info","message":"GET en /index.js + function toLocaleTimeString() { [native code] } "}
{"level":"info","message":"GET en /api/productos + function toLocaleTimeString() { [native code] } "}
{"level":"info","message":"GET en /socket.io/socket.io.js + function toLocaleTimeString() { [native code] } "}
{"level":"info","message":"GET en /api/index.js + function toLocaleTimeString() { [native code] } "}
{"level":"info","message":"GET en / + function toLocaleTimeString() { [native code] } "}
{"level":"info","message":"GET en /socket.io/socket.io.js + function toLocaleTimeString() { [native code] } "}
{"level":"info","message":"GET en /index.js + function toLocaleTimeString() { [native code] } "}
{"level":"info","message":"GET en / + function toLocaleTimeString() { [native code] } "}
{"level":"info","message":"GET en /socket.io/socket.io.js + function toLocaleTimeString() { [native code] } "}
{"level":"info","message":"GET en /index.js + function toLocaleTimeString() { [native code] } "}
{"level":"info","message":"GET en / + function toLocaleTimeString() { [native code] } "}
{"level":"info","message":"GET en /socket.io/socket.io.js + function toLocaleTimeString() { [native code] } "}
{"level":"info","message":"GET en /index.js + function toLocaleTimeString() { [native code] } "}
{"level":"info","message":"GET en / + function toLocaleTimeString() { [native code] } "}
{"level":"info","message":"GET en /socket.io/socket.io.js + function toLocaleTimeString() { [native code] } "}
{"level":"info","message":"GET en /index.js + function toLocaleTimeString() { [native code] } "}
{"level":"info","message":"GET en / + function toLocaleTimeString() { [native code] } "}
{"level":"info","message":"GET en /socket.io/socket.io.js + function toLocaleTimeString() { [native code] } "}
{"level":"info","message":"GET en /index.js + function toLocaleTimeString() { [native code] } "}
{"level":"info","message":"POST en /api/carrito/6459b4d5e3d731f2ea6e6380/productos/63c4379fcf23ee959d49b3d8 + function toLocaleTimeString() { [native code] } "}
{"level":"info","message":"POST en /api/carrito/6459b4d5e3d731f2ea6e6380/productos/63c4379fcf23ee959d49b3da + function toLocaleTimeString() { [native code] } "}
{"level":"info","message":"POST en /api/carrito/6459b4d5e3d731f2ea6e6380/productos/63c4379fcf23ee959d49b3dc + function toLocaleTimeString() { [native code] } "}
{"level":"info","message":"POST en /api/carrito/6459b4d5e3d731f2ea6e6380/productos/63c4379fcf23ee959d49b3de + function toLocaleTimeString() { [native code] } "}
{"level":"info","message":"POST en /api/carrito/6459b4d5e3d731f2ea6e6380/productos/63c4379fcf23ee959d49b3e0 + function toLocaleTimeString() { [native code] } "}
{"level":"info","message":"POST en /api/carrito/6459b4d5e3d731f2ea6e6380/productos/63c4379fcf23ee959d49b3e0 + function toLocaleTimeString() { [native code] } "}
{"level":"info","message":"POST en /api/carrito/6459b4d5e3d731f2ea6e6380/productos/63c4379fcf23ee959d49b3e0 + function toLocaleTimeString() { [native code] } "}
{"level":"info","message":"POST en /api/carrito/6459b4d5e3d731f2ea6e6380/productos/63c4379fcf23ee959d49b3d8 + function toLocaleTimeString() { [native code] } "}
{"level":"info","message":"POST en /api/carrito/6459b4d5e3d731f2ea6e6380/productos/63c4379fcf23ee959d49b3d8 + function toLocaleTimeString() { [native code] } "}
{"level":"info","message":"POST en /api/carrito/6459b4d5e3d731f2ea6e6380/productos/63c4379fcf23ee959d49b3d8 + function toLocaleTimeString() { [native code] } "}
{"level":"info","message":"POST en /api/carrito/6459b4d5e3d731f2ea6e6380/productos/63c4379fcf23ee959d49b3d8 + function toLocaleTimeString() { [native code] } "}
{"level":"info","message":"POST en /api/carrito/6459b4d5e3d731f2ea6e6380/productos/63c4379fcf23ee959d49b3d8 + function toLocaleTimeString() { [native code] } "}
{"level":"info","message":"GET en /api/carrito + function toLocaleTimeString() { [native code] } "}
{"level":"info","message":"GET en /socket.io/socket.io.js + function toLocaleTimeString() { [native code] } "}
{"level":"info","message":"GET en /api/index.js + function toLocaleTimeString() { [native code] } "}
{"level":"info","message":"POST en /api/carrito/6459b4d5e3d731f2ea6e6380/productos/63c4379fcf23ee959d49b3d8 + function toLocaleTimeString() { [native code] } "}
{"level":"info","message":"GET en /api/carrito + function toLocaleTimeString() { [native code] } "}
{"level":"info","message":"GET en /socket.io/socket.io.js + function toLocaleTimeString() { [native code] } "}
{"level":"info","message":"GET en /api/index.js + function toLocaleTimeString() { [native code] } "}
{"level":"info","message":"GET en / + function toLocaleTimeString() { [native code] } "}
{"level":"info","message":"GET en /socket.io/socket.io.js + function toLocaleTimeString() { [native code] } "}
{"level":"info","message":"GET en /index.js + function toLocaleTimeString() { [native code] } "}
{"level":"info","message":"POST en /api/carrito/6459b4d5e3d731f2ea6e6380/productos/63c4379fcf23ee959d49b3d8 + function toLocaleTimeString() { [native code] } "}
{"level":"info","message":"GET en /api/carrito + function toLocaleTimeString() { [native code] } "}
{"level":"info","message":"GET en /socket.io/socket.io.js + function toLocaleTimeString() { [native code] } "}
{"level":"info","message":"GET en /api/index.js + function toLocaleTimeString() { [native code] } "}
{"level":"info","message":"GET en /api/carrito + function toLocaleTimeString() { [native code] } "}
{"level":"info","message":"GET en /api/auth/login + function toLocaleTimeString() { [native code] } "}
{"level":"info","message":"GET en /login + function toLocaleTimeString() { [native code] } "}
{"level":"info","message":"GET en /socket.io/socket.io.js + function toLocaleTimeString() { [native code] } "}
{"level":"info","message":"GET en /api/auth/index.js + function toLocaleTimeString() { [native code] } "}
{"level":"info","message":"POST en /api/auth/login + function toLocaleTimeString() { [native code] } "}
{"level":"info","message":"GET en / + function toLocaleTimeString() { [native code] } "}
{"level":"info","message":"GET en /socket.io/socket.io.js + function toLocaleTimeString() { [native code] } "}
{"level":"info","message":"GET en /index.js + function toLocaleTimeString() { [native code] } "}
{"level":"info","message":"GET en /api/carrito + function toLocaleTimeString() { [native code] } "}
{"level":"info","message":"GET en /socket.io/socket.io.js + function toLocaleTimeString() { [native code] } "}
{"level":"info","message":"GET en /api/index.js + function toLocaleTimeString() { [native code] } "}
{"level":"info","message":"GET en /api/carrito + function toLocaleTimeString() { [native code] } "}
{"level":"info","message":"GET en /socket.io/socket.io.js + function toLocaleTimeString() { [native code] } "}
{"level":"info","message":"GET en /api/index.js + function toLocaleTimeString() { [native code] } "}
{"level":"info","message":"GET en / + function toLocaleTimeString() { [native code] } "}
{"level":"info","message":"GET en /socket.io/socket.io.js + function toLocaleTimeString() { [native code] } "}
{"level":"info","message":"GET en /index.js + function toLocaleTimeString() { [native code] } "}
{"level":"info","message":"GET en /api/profile + function toLocaleTimeString() { [native code] } "}
{"level":"info","message":"GET en / + function toLocaleTimeString() { [native code] } "}
{"level":"info","message":"GET en /socket.io/socket.io.js + function toLocaleTimeString() { [native code] } "}
{"level":"info","message":"GET en /api/index.js + function toLocaleTimeString() { [native code] } "}
{"level":"info","message":"GET en /socket.io/socket.io.js + function toLocaleTimeString() { [native code] } "}
{"level":"info","message":"GET en / + function toLocaleTimeString() { [native code] } "}
{"level":"info","message":"GET en /socket.io/socket.io.js + function toLocaleTimeString() { [native code] } "}
{"level":"info","message":"GET en /index.js + function toLocaleTimeString() { [native code] } "}
{"level":"info","message":"POST en /api/carrito/6459b4d5e3d731f2ea6e6380/productos/63c4379fcf23ee959d49b3d8 + function toLocaleTimeString() { [native code] } "}
{"level":"info","message":"GET en /api/carrito + function toLocaleTimeString() { [native code] } "}
{"level":"info","message":"GET en /socket.io/socket.io.js + function toLocaleTimeString() { [native code] } "}
{"level":"info","message":"GET en /api/index.js + function toLocaleTimeString() { [native code] } "}
{"level":"info","message":"GET en /api/carrito + function toLocaleTimeString() { [native code] } "}
{"level":"info","message":"GET en /socket.io/socket.io.js + function toLocaleTimeString() { [native code] } "}
{"level":"info","message":"GET en /api/index.js + function toLocaleTimeString() { [native code] } "}
{"level":"info","message":"GET en /api/carrito + function toLocaleTimeString() { [native code] } "}
{"level":"info","message":"GET en /socket.io/socket.io.js + function toLocaleTimeString() { [native code] } "}
{"level":"info","message":"GET en /api/index.js + function toLocaleTimeString() { [native code] } "}
{"level":"info","message":"GET en /api/carrito + function toLocaleTimeString() { [native code] } "}
{"level":"info","message":"GET en /api/auth/login + function toLocaleTimeString() { [native code] } "}
{"level":"info","message":"GET en /login + function toLocaleTimeString() { [native code] } "}
{"level":"info","message":"GET en /socket.io/socket.io.js + function toLocaleTimeString() { [native code] } "}
{"level":"info","message":"GET en /api/auth/index.js + function toLocaleTimeString() { [native code] } "}
{"level":"info","message":"POST en /api/auth/login + function toLocaleTimeString() { [native code] } "}
{"level":"info","message":"GET en / + function toLocaleTimeString() { [native code] } "}
{"level":"info","message":"GET en /socket.io/socket.io.js + function toLocaleTimeString() { [native code] } "}
{"level":"info","message":"GET en /index.js + function toLocaleTimeString() { [native code] } "}
{"level":"info","message":"GET en /api/carrito + function toLocaleTimeString() { [native code] } "}
{"level":"info","message":"GET en /socket.io/socket.io.js + function toLocaleTimeString() { [native code] } "}
{"level":"info","message":"GET en /api/index.js + function toLocaleTimeString() { [native code] } "}
{"level":"info","message":"GET en /api/carrito + function toLocaleTimeString() { [native code] } "}
{"level":"info","message":"GET en /socket.io/socket.io.js + function toLocaleTimeString() { [native code] } "}
{"level":"info","message":"GET en /api/index.js + function toLocaleTimeString() { [native code] } "}
{"level":"info","message":"GET en /api/carrito + function toLocaleTimeString() { [native code] } "}
{"level":"info","message":"GET en /socket.io/socket.io.js + function toLocaleTimeString() { [native code] } "}
{"level":"info","message":"GET en /api/index.js + function toLocaleTimeString() { [native code] } "}
{"level":"info","message":"GET en /api/carrito + function toLocaleTimeString() { [native code] } "}
{"level":"info","message":"GET en /socket.io/socket.io.js + function toLocaleTimeString() { [native code] } "}
{"level":"info","message":"GET en /api/index.js + function toLocaleTimeString() { [native code] } "}
{"level":"info","message":"GET en / + function toLocaleTimeString() { [native code] } "}
{"level":"info","message":"GET en /socket.io/socket.io.js + function toLocaleTimeString() { [native code] } "}
{"level":"info","message":"GET en /index.js + function toLocaleTimeString() { [native code] } "}
{"level":"info","message":"GET en /api/productos + function toLocaleTimeString() { [native code] } "}
{"level":"info","message":"GET en /socket.io/socket.io.js + function toLocaleTimeString() { [native code] } "}
{"level":"info","message":"GET en /api/index.js + function toLocaleTimeString() { [native code] } "}
{"level":"info","message":"GET en /api/productos + function toLocaleTimeString() { [native code] } "}
{"level":"info","message":"GET en /socket.io/socket.io.js + function toLocaleTimeString() { [native code] } "}
{"level":"info","message":"GET en /api/index.js + function toLocaleTimeString() { [native code] } "}
{"level":"info","message":"GET en / + function toLocaleTimeString() { [native code] } "}
{"level":"info","message":"GET en /socket.io/socket.io.js + function toLocaleTimeString() { [native code] } "}
{"level":"info","message":"GET en /index.js + function toLocaleTimeString() { [native code] } "}
{"level":"info","message":"GET en /api/carrito + function toLocaleTimeString() { [native code] } "}
{"level":"info","message":"GET en /socket.io/socket.io.js + function toLocaleTimeString() { [native code] } "}
{"level":"info","message":"GET en /api/index.js + function toLocaleTimeString() { [native code] } "}
{"level":"info","message":"GET en / + function toLocaleTimeString() { [native code] } "}
{"level":"info","message":"GET en /socket.io/socket.io.js + function toLocaleTimeString() { [native code] } "}
{"level":"info","message":"GET en /index.js + function toLocaleTimeString() { [native code] } "}
{"level":"info","message":"POST en /api/carrito/6459b4d5e3d731f2ea6e6380/productos/63c4379fcf23ee959d49b3da + function toLocaleTimeString() { [native code] } "}
{"level":"info","message":"GET en /api/carrito + function toLocaleTimeString() { [native code] } "}
{"level":"info","message":"GET en /socket.io/socket.io.js + function toLocaleTimeString() { [native code] } "}
{"level":"info","message":"GET en /api/index.js + function toLocaleTimeString() { [native code] } "}
{"level":"info","message":"POST en /api/carrito/6459b4d5e3d731f2ea6e6380/productos/63c4379fcf23ee959d49b3d8/increment + function toLocaleTimeString() { [native code] } "}
{"level":"info","message":"GET en /api/carrito + function toLocaleTimeString() { [native code] } "}
{"level":"info","message":"GET en /socket.io/socket.io.js + function toLocaleTimeString() { [native code] } "}
{"level":"info","message":"GET en /api/index.js + function toLocaleTimeString() { [native code] } "}
{"level":"info","message":"POST en /api/carrito/6459b4d5e3d731f2ea6e6380/productos/63c4379fcf23ee959d49b3d8/increment + function toLocaleTimeString() { [native code] } "}
{"level":"info","message":"GET en /api/carrito + function toLocaleTimeString() { [native code] } "}
{"level":"info","message":"GET en /socket.io/socket.io.js + function toLocaleTimeString() { [native code] } "}
{"level":"info","message":"GET en /api/index.js + function toLocaleTimeString() { [native code] } "}
{"level":"info","message":"POST en /api/carrito/6459b4d5e3d731f2ea6e6380/productos/63c4379fcf23ee959d49b3d8/increment + function toLocaleTimeString() { [native code] } "}
{"level":"info","message":"GET en /api/carrito + function toLocaleTimeString() { [native code] } "}
{"level":"info","message":"GET en /socket.io/socket.io.js + function toLocaleTimeString() { [native code] } "}
{"level":"info","message":"GET en /api/index.js + function toLocaleTimeString() { [native code] } "}
{"level":"info","message":"POST en /api/carrito/6459b4d5e3d731f2ea6e6380/productos/63c4379fcf23ee959d49b3d8/decrement + function toLocaleTimeString() { [native code] } "}
{"level":"info","message":"GET en /api/carrito + function toLocaleTimeString() { [native code] } "}
{"level":"info","message":"GET en /socket.io/socket.io.js + function toLocaleTimeString() { [native code] } "}
{"level":"info","message":"GET en /api/index.js + function toLocaleTimeString() { [native code] } "}
{"level":"info","message":"POST en /api/carrito/6459b4d5e3d731f2ea6e6380/productos/63c4379fcf23ee959d49b3d8/decrement + function toLocaleTimeString() { [native code] } "}
{"level":"info","message":"GET en /api/carrito + function toLocaleTimeString() { [native code] } "}
{"level":"info","message":"GET en /socket.io/socket.io.js + function toLocaleTimeString() { [native code] } "}
{"level":"info","message":"GET en /api/index.js + function toLocaleTimeString() { [native code] } "}
{"level":"info","message":"POST en /api/carrito/6459b4d5e3d731f2ea6e6380/productos/63c4379fcf23ee959d49b3da/increment + function toLocaleTimeString() { [native code] } "}
{"level":"info","message":"GET en /api/carrito + function toLocaleTimeString() { [native code] } "}
{"level":"info","message":"GET en /socket.io/socket.io.js + function toLocaleTimeString() { [native code] } "}
{"level":"info","message":"GET en /api/index.js + function toLocaleTimeString() { [native code] } "}
{"level":"info","message":"POST en /api/carrito/6459b4d5e3d731f2ea6e6380/productos/63c4379fcf23ee959d49b3da/increment + function toLocaleTimeString() { [native code] } "}
{"level":"info","message":"GET en /api/carrito + function toLocaleTimeString() { [native code] } "}
{"level":"info","message":"GET en /socket.io/socket.io.js + function toLocaleTimeString() { [native code] } "}
{"level":"info","message":"GET en /api/index.js + function toLocaleTimeString() { [native code] } "}
{"level":"info","message":"POST en /api/carrito/6459b4d5e3d731f2ea6e6380/productos/63c4379fcf23ee959d49b3da/decrement + function toLocaleTimeString() { [native code] } "}
{"level":"info","message":"GET en /api/carrito + function toLocaleTimeString() { [native code] } "}
{"level":"info","message":"GET en /socket.io/socket.io.js + function toLocaleTimeString() { [native code] } "}
{"level":"info","message":"GET en /api/index.js + function toLocaleTimeString() { [native code] } "}
{"level":"info","message":"POST en /api/carrito/6459b4d5e3d731f2ea6e6380/productos/63c4379fcf23ee959d49b3d8/increment + function toLocaleTimeString() { [native code] } "}
{"level":"info","message":"GET en /api/carrito + function toLocaleTimeString() { [native code] } "}
{"level":"info","message":"GET en /socket.io/socket.io.js + function toLocaleTimeString() { [native code] } "}
{"level":"info","message":"GET en /api/index.js + function toLocaleTimeString() { [native code] } "}
{"level":"info","message":"POST en /api/carrito/6459b4d5e3d731f2ea6e6380/productos/63c4379fcf23ee959d49b3d8/decrement + function toLocaleTimeString() { [native code] } "}
{"level":"info","message":"GET en /api/carrito + function toLocaleTimeString() { [native code] } "}
{"level":"info","message":"GET en /socket.io/socket.io.js + function toLocaleTimeString() { [native code] } "}
{"level":"info","message":"GET en /api/index.js + function toLocaleTimeString() { [native code] } "}
{"level":"info","message":"POST en /api/carrito/6459b4d5e3d731f2ea6e6380/productos/63c4379fcf23ee959d49b3da/increment + function toLocaleTimeString() { [native code] } "}
{"level":"info","message":"GET en /api/carrito + function toLocaleTimeString() { [native code] } "}
{"level":"info","message":"GET en /socket.io/socket.io.js + function toLocaleTimeString() { [native code] } "}
{"level":"info","message":"GET en /api/index.js + function toLocaleTimeString() { [native code] } "}
{"level":"info","message":"POST en /api/carrito/6459b4d5e3d731f2ea6e6380/productos/63c4379fcf23ee959d49b3da/decrement + function toLocaleTimeString() { [native code] } "}
{"level":"info","message":"GET en /api/carrito + function toLocaleTimeString() { [native code] } "}
{"level":"info","message":"GET en /socket.io/socket.io.js + function toLocaleTimeString() { [native code] } "}
{"level":"info","message":"GET en /api/index.js + function toLocaleTimeString() { [native code] } "}
{"level":"info","message":"GET en / + function toLocaleTimeString() { [native code] } "}
{"level":"info","message":"GET en /socket.io/socket.io.js + function toLocaleTimeString() { [native code] } "}
{"level":"info","message":"GET en /index.js + function toLocaleTimeString() { [native code] } "}
{"level":"info","message":"POST en /api/carrito/6459b4d5e3d731f2ea6e6380/productos/63c4379fcf23ee959d49b3dc + function toLocaleTimeString() { [native code] } "}
{"level":"info","message":"GET en /api/carrito + function toLocaleTimeString() { [native code] } "}
{"level":"info","message":"GET en /socket.io/socket.io.js + function toLocaleTimeString() { [native code] } "}
{"level":"info","message":"GET en /api/index.js + function toLocaleTimeString() { [native code] } "}
{"level":"info","message":"POST en /api/carrito/6459b4d5e3d731f2ea6e6380/productos/63c4379fcf23ee959d49b3dc/increment + function toLocaleTimeString() { [native code] } "}
{"level":"info","message":"GET en /api/carrito + function toLocaleTimeString() { [native code] } "}
{"level":"info","message":"GET en /socket.io/socket.io.js + function toLocaleTimeString() { [native code] } "}
{"level":"info","message":"GET en /api/index.js + function toLocaleTimeString() { [native code] } "}
{"level":"info","message":"POST en /api/carrito/6459b4d5e3d731f2ea6e6380/productos/63c4379fcf23ee959d49b3dc/decrement + function toLocaleTimeString() { [native code] } "}
{"level":"info","message":"GET en /api/carrito + function toLocaleTimeString() { [native code] } "}
{"level":"info","message":"GET en /socket.io/socket.io.js + function toLocaleTimeString() { [native code] } "}
{"level":"info","message":"GET en /api/index.js + function toLocaleTimeString() { [native code] } "}
{"level":"info","message":"GET en /api/carrito + function toLocaleTimeString() { [native code] } "}
{"level":"info","message":"GET en /socket.io/socket.io.js + function toLocaleTimeString() { [native code] } "}
{"level":"info","message":"GET en /api/index.js + function toLocaleTimeString() { [native code] } "}
{"level":"info","message":"GET en /api/carrito + function toLocaleTimeString() { [native code] } "}
{"level":"info","message":"GET en /socket.io/socket.io.js + function toLocaleTimeString() { [native code] } "}
{"level":"info","message":"GET en /api/index.js + function toLocaleTimeString() { [native code] } "}
{"level":"info","message":"GET en /api/carrito + function toLocaleTimeString() { [native code] } "}
{"level":"info","message":"GET en /socket.io/socket.io.js + function toLocaleTimeString() { [native code] } "}
{"level":"info","message":"GET en /api/index.js + function toLocaleTimeString() { [native code] } "}
{"level":"info","message":"GET en / + function toLocaleTimeString() { [native code] } "}
{"level":"info","message":"GET en /socket.io/socket.io.js + function toLocaleTimeString() { [native code] } "}
{"level":"info","message":"GET en /index.js + function toLocaleTimeString() { [native code] } "}
{"level":"info","message":"GET en /api/carrito + function toLocaleTimeString() { [native code] } "}
{"level":"info","message":"GET en /socket.io/socket.io.js + function toLocaleTimeString() { [native code] } "}
{"level":"info","message":"GET en /api/index.js + function toLocaleTimeString() { [native code] } "}
{"level":"info","message":"GET en /api/carrito + function toLocaleTimeString() { [native code] } "}
{"level":"info","message":"GET en /socket.io/socket.io.js + function toLocaleTimeString() { [native code] } "}
{"level":"info","message":"GET en /api/index.js + function toLocaleTimeString() { [native code] } "}
{"level":"info","message":"GET en /api/carrito + function toLocaleTimeString() { [native code] } "}
{"level":"info","message":"GET en /api/auth/login + function toLocaleTimeString() { [native code] } "}
{"level":"info","message":"GET en /login + function toLocaleTimeString() { [native code] } "}
{"level":"info","message":"GET en /socket.io/socket.io.js + function toLocaleTimeString() { [native code] } "}
{"level":"info","message":"GET en /api/auth/index.js + function toLocaleTimeString() { [native code] } "}
{"level":"info","message":"POST en /api/auth/login + function toLocaleTimeString() { [native code] } "}
{"level":"info","message":"GET en / + function toLocaleTimeString() { [native code] } "}
{"level":"info","message":"GET en /socket.io/socket.io.js + function toLocaleTimeString() { [native code] } "}
{"level":"info","message":"GET en /index.js + function toLocaleTimeString() { [native code] } "}
{"level":"info","message":"GET en /api/carrito + function toLocaleTimeString() { [native code] } "}
{"level":"info","message":"GET en /socket.io/socket.io.js + function toLocaleTimeString() { [native code] } "}
{"level":"info","message":"GET en /api/index.js + function toLocaleTimeString() { [native code] } "}
{"level":"info","message":"POST en /api/carrito/6459b4d5e3d731f2ea6e6380/productos/63c4379fcf23ee959d49b3d8/increment + function toLocaleTimeString() { [native code] } "}
{"level":"info","message":"GET en /api/carrito + function toLocaleTimeString() { [native code] } "}
{"level":"info","message":"GET en /socket.io/socket.io.js + function toLocaleTimeString() { [native code] } "}
{"level":"info","message":"GET en /api/index.js + function toLocaleTimeString() { [native code] } "}
{"level":"info","message":"POST en /api/carrito/6459b4d5e3d731f2ea6e6380/productos/63c4379fcf23ee959d49b3d8/increment + function toLocaleTimeString() { [native code] } "}
{"level":"info","message":"GET en /api/carrito + function toLocaleTimeString() { [native code] } "}
{"level":"info","message":"GET en /socket.io/socket.io.js + function toLocaleTimeString() { [native code] } "}
{"level":"info","message":"GET en /api/index.js + function toLocaleTimeString() { [native code] } "}
{"level":"info","message":"POST en /api/carrito/6459b4d5e3d731f2ea6e6380/productos/63c4379fcf23ee959d49b3d8/decrement + function toLocaleTimeString() { [native code] } "}
{"level":"info","message":"GET en /api/carrito + function toLocaleTimeString() { [native code] } "}
{"level":"info","message":"GET en /socket.io/socket.io.js + function toLocaleTimeString() { [native code] } "}
{"level":"info","message":"GET en /api/index.js + function toLocaleTimeString() { [native code] } "}
{"level":"info","message":"POST en /api/carrito/6459b4d5e3d731f2ea6e6380/productos/63c4379fcf23ee959d49b3d8/decrement + function toLocaleTimeString() { [native code] } "}
{"level":"info","message":"GET en /api/carrito + function toLocaleTimeString() { [native code] } "}
{"level":"info","message":"GET en /socket.io/socket.io.js + function toLocaleTimeString() { [native code] } "}
{"level":"info","message":"GET en /api/index.js + function toLocaleTimeString() { [native code] } "}
{"level":"info","message":"POST en /api/carrito/6459b4d5e3d731f2ea6e6380/productos/63c4379fcf23ee959d49b3d8/decrement + function toLocaleTimeString() { [native code] } "}
{"level":"info","message":"GET en /api/carrito + function toLocaleTimeString() { [native code] } "}
{"level":"info","message":"GET en /socket.io/socket.io.js + function toLocaleTimeString() { [native code] } "}
{"level":"info","message":"GET en /api/index.js + function toLocaleTimeString() { [native code] } "}
{"level":"info","message":"POST en /api/carrito/6459b4d5e3d731f2ea6e6380/productos/63c4379fcf23ee959d49b3da/increment + function toLocaleTimeString() { [native code] } "}
{"level":"info","message":"GET en /api/carrito + function toLocaleTimeString() { [native code] } "}
{"level":"info","message":"GET en /socket.io/socket.io.js + function toLocaleTimeString() { [native code] } "}
{"level":"info","message":"GET en /api/index.js + function toLocaleTimeString() { [native code] } "}
{"level":"info","message":"POST en /api/carrito/6459b4d5e3d731f2ea6e6380/productos/63c4379fcf23ee959d49b3da/decrement + function toLocaleTimeString() { [native code] } "}
{"level":"info","message":"GET en /api/carrito + function toLocaleTimeString() { [native code] } "}
{"level":"info","message":"GET en /socket.io/socket.io.js + function toLocaleTimeString() { [native code] } "}
{"level":"info","message":"GET en /api/index.js + function toLocaleTimeString() { [native code] } "}
{"level":"info","message":"GET en /api/productos + function toLocaleTimeString() { [native code] } "}
{"level":"info","message":"GET en /socket.io/socket.io.js + function toLocaleTimeString() { [native code] } "}
{"level":"info","message":"GET en /api/index.js + function toLocaleTimeString() { [native code] } "}
{"level":"info","message":"POST en /api/carrito/6459b4d5e3d731f2ea6e6380/productos/63c4379fcf23ee959d49b3d8 + function toLocaleTimeString() { [native code] } "}
{"level":"info","message":"GET en /api/carrito + function toLocaleTimeString() { [native code] } "}
{"level":"info","message":"GET en /socket.io/socket.io.js + function toLocaleTimeString() { [native code] } "}
{"level":"info","message":"GET en /api/index.js + function toLocaleTimeString() { [native code] } "}
{"level":"info","message":"POST en /api/carrito/6459b4d5e3d731f2ea6e6380/productos/63c4379fcf23ee959d49b3d8/increment + function toLocaleTimeString() { [native code] } "}
{"level":"info","message":"GET en /api/carrito + function toLocaleTimeString() { [native code] } "}
{"level":"info","message":"GET en /socket.io/socket.io.js + function toLocaleTimeString() { [native code] } "}
{"level":"info","message":"GET en /api/index.js + function toLocaleTimeString() { [native code] } "}
{"level":"info","message":"POST en /api/carrito/6459b4d5e3d731f2ea6e6380/productos/63c4379fcf23ee959d49b3d8/decrement + function toLocaleTimeString() { [native code] } "}
{"level":"info","message":"GET en /api/carrito + function toLocaleTimeString() { [native code] } "}
{"level":"info","message":"GET en /socket.io/socket.io.js + function toLocaleTimeString() { [native code] } "}
{"level":"info","message":"GET en /api/index.js + function toLocaleTimeString() { [native code] } "}
{"level":"info","message":"POST en /api/carrito/6459b4d5e3d731f2ea6e6380/productos/63c4379fcf23ee959d49b3dc/increment + function toLocaleTimeString() { [native code] } "}
{"level":"info","message":"GET en /api/carrito + function toLocaleTimeString() { [native code] } "}
{"level":"info","message":"GET en /socket.io/socket.io.js + function toLocaleTimeString() { [native code] } "}
{"level":"info","message":"GET en /api/index.js + function toLocaleTimeString() { [native code] } "}
{"level":"info","message":"POST en /api/carrito/6459b4d5e3d731f2ea6e6380/productos/63c4379fcf23ee959d49b3dc/increment + function toLocaleTimeString() { [native code] } "}
{"level":"info","message":"GET en /api/carrito + function toLocaleTimeString() { [native code] } "}
{"level":"info","message":"GET en /socket.io/socket.io.js + function toLocaleTimeString() { [native code] } "}
{"level":"info","message":"GET en /api/index.js + function toLocaleTimeString() { [native code] } "}
{"level":"info","message":"POST en /api/carrito/6459b4d5e3d731f2ea6e6380/productos/63c4379fcf23ee959d49b3da/increment + function toLocaleTimeString() { [native code] } "}
{"level":"info","message":"GET en /api/carrito + function toLocaleTimeString() { [native code] } "}
{"level":"info","message":"GET en /socket.io/socket.io.js + function toLocaleTimeString() { [native code] } "}
{"level":"info","message":"GET en /api/index.js + function toLocaleTimeString() { [native code] } "}
{"level":"info","message":"POST en /api/carrito/6459b4d5e3d731f2ea6e6380/productos/63c4379fcf23ee959d49b3da/increment + function toLocaleTimeString() { [native code] } "}
{"level":"info","message":"GET en /api/carrito + function toLocaleTimeString() { [native code] } "}
{"level":"info","message":"GET en /socket.io/socket.io.js + function toLocaleTimeString() { [native code] } "}
{"level":"info","message":"GET en /api/index.js + function toLocaleTimeString() { [native code] } "}
{"level":"info","message":"GET en /api/carrito + function toLocaleTimeString() { [native code] } "}
{"level":"info","message":"GET en /socket.io/socket.io.js + function toLocaleTimeString() { [native code] } "}
{"level":"info","message":"GET en /api/index.js + function toLocaleTimeString() { [native code] } "}
{"level":"info","message":"POST en /api/carrito/6459b4d5e3d731f2ea6e6380/productos/63c4379fcf23ee959d49b3da/decrement + function toLocaleTimeString() { [native code] } "}
{"level":"info","message":"GET en /api/carrito + function toLocaleTimeString() { [native code] } "}
{"level":"info","message":"GET en /socket.io/socket.io.js + function toLocaleTimeString() { [native code] } "}
{"level":"info","message":"GET en /api/index.js + function toLocaleTimeString() { [native code] } "}
{"level":"info","message":"GET en /api/carrito + function toLocaleTimeString() { [native code] } "}
{"level":"info","message":"GET en /socket.io/socket.io.js + function toLocaleTimeString() { [native code] } "}
{"level":"info","message":"GET en /api/index.js + function toLocaleTimeString() { [native code] } "}
{"level":"info","message":"GET en / + function toLocaleTimeString() { [native code] } "}
{"level":"info","message":"GET en /socket.io/socket.io.js + function toLocaleTimeString() { [native code] } "}
{"level":"info","message":"GET en /index.js + function toLocaleTimeString() { [native code] } "}
{"level":"info","message":"GET en /api/productos + function toLocaleTimeString() { [native code] } "}
{"level":"info","message":"GET en /socket.io/socket.io.js + function toLocaleTimeString() { [native code] } "}
{"level":"info","message":"GET en /api/index.js + function toLocaleTimeString() { [native code] } "}
{"level":"info","message":"GET en /api/carrito + function toLocaleTimeString() { [native code] } "}
{"level":"info","message":"GET en /socket.io/socket.io.js + function toLocaleTimeString() { [native code] } "}
{"level":"info","message":"GET en /api/index.js + function toLocaleTimeString() { [native code] } "}
{"level":"info","message":"GET en /api/productos + function toLocaleTimeString() { [native code] } "}
{"level":"info","message":"GET en /socket.io/socket.io.js + function toLocaleTimeString() { [native code] } "}
{"level":"info","message":"GET en /api/index.js + function toLocaleTimeString() { [native code] } "}
{"level":"info","message":"GET en / + function toLocaleTimeString() { [native code] } "}
{"level":"info","message":"GET en /socket.io/socket.io.js + function toLocaleTimeString() { [native code] } "}
{"level":"info","message":"GET en /index.js + function toLocaleTimeString() { [native code] } "}
{"level":"info","message":"GET en / + function toLocaleTimeString() { [native code] } "}
{"level":"info","message":"GET en /socket.io/socket.io.js + function toLocaleTimeString() { [native code] } "}
{"level":"info","message":"GET en /index.js + function toLocaleTimeString() { [native code] } "}
{"level":"info","message":"POST en /api/carrito/6459b4d5e3d731f2ea6e6380/productos/63c4379fcf23ee959d49b3de + function toLocaleTimeString() { [native code] } "}
{"level":"info","message":"GET en /api/carrito + function toLocaleTimeString() { [native code] } "}
{"level":"info","message":"GET en /socket.io/socket.io.js + function toLocaleTimeString() { [native code] } "}
{"level":"info","message":"GET en /api/index.js + function toLocaleTimeString() { [native code] } "}
{"level":"info","message":"POST en /api/carrito/6459b4d5e3d731f2ea6e6380/productos/63c4379fcf23ee959d49b3dc/decrement + function toLocaleTimeString() { [native code] } "}
{"level":"info","message":"GET en /api/carrito + function toLocaleTimeString() { [native code] } "}
{"level":"info","message":"GET en /socket.io/socket.io.js + function toLocaleTimeString() { [native code] } "}
{"level":"info","message":"GET en /api/index.js + function toLocaleTimeString() { [native code] } "}
{"level":"info","message":"POST en /api/carrito/6459b4d5e3d731f2ea6e6380/productos/63c4379fcf23ee959d49b3da/decrement + function toLocaleTimeString() { [native code] } "}
{"level":"info","message":"GET en /api/carrito + function toLocaleTimeString() { [native code] } "}
{"level":"info","message":"GET en /socket.io/socket.io.js + function toLocaleTimeString() { [native code] } "}
{"level":"info","message":"GET en /api/index.js + function toLocaleTimeString() { [native code] } "}
{"level":"info","message":"POST en /api/carrito/6459b4d5e3d731f2ea6e6380/productos/63c4379fcf23ee959d49b3de/delete + function toLocaleTimeString() { [native code] } "}
{"level":"info","message":"POST en /api/carrito/6459b4d5e3d731f2ea6e6380/productos/63c4379fcf23ee959d49b3de/delete + function toLocaleTimeString() { [native code] } "}
{"level":"info","message":"POST en /api/carrito/6459b4d5e3d731f2ea6e6380/productos/63c4379fcf23ee959d49b3de/delete + function toLocaleTimeString() { [native code] } "}
{"level":"info","message":"POST en /api/carrito/6459b4d5e3d731f2ea6e6380/productos/63c4379fcf23ee959d49b3de/delete + function toLocaleTimeString() { [native code] } "}
{"level":"info","message":"POST en /api/carrito/6459b4d5e3d731f2ea6e6380/productos/63c4379fcf23ee959d49b3de/delete + function toLocaleTimeString() { [native code] } "}
{"level":"info","message":"POST en /api/carrito/6459b4d5e3d731f2ea6e6380/productos/63c4379fcf23ee959d49b3de/delete + function toLocaleTimeString() { [native code] } "}
{"level":"info","message":"GET en /api/carrito + function toLocaleTimeString() { [native code] } "}
{"level":"info","message":"GET en /socket.io/socket.io.js + function toLocaleTimeString() { [native code] } "}
{"level":"info","message":"GET en /api/index.js + function toLocaleTimeString() { [native code] } "}
{"level":"info","message":"GET en /api/carrito + function toLocaleTimeString() { [native code] } "}
{"level":"info","message":"GET en /socket.io/socket.io.js + function toLocaleTimeString() { [native code] } "}
{"level":"info","message":"GET en /api/index.js + function toLocaleTimeString() { [native code] } "}
{"level":"info","message":"POST en /api/carrito/6459b4d5e3d731f2ea6e6380/productos/63c4379fcf23ee959d49b3da/delete + function toLocaleTimeString() { [native code] } "}
{"level":"info","message":"GET en /api/carrito + function toLocaleTimeString() { [native code] } "}
{"level":"info","message":"GET en /socket.io/socket.io.js + function toLocaleTimeString() { [native code] } "}
{"level":"info","message":"GET en /api/index.js + function toLocaleTimeString() { [native code] } "}
{"level":"info","message":"GET en /api/carrito + function toLocaleTimeString() { [native code] } "}
{"level":"info","message":"GET en /socket.io/socket.io.js + function toLocaleTimeString() { [native code] } "}
{"level":"info","message":"GET en /api/index.js + function toLocaleTimeString() { [native code] } "}
{"level":"info","message":"GET en / + function toLocaleTimeString() { [native code] } "}
{"level":"info","message":"GET en /socket.io/socket.io.js + function toLocaleTimeString() { [native code] } "}
{"level":"info","message":"GET en /index.js + function toLocaleTimeString() { [native code] } "}
{"level":"info","message":"POST en /api/carrito/6459b4d5e3d731f2ea6e6380/productos/63c4379fcf23ee959d49b3d8 + function toLocaleTimeString() { [native code] } "}
{"level":"info","message":"GET en /api/carrito + function toLocaleTimeString() { [native code] } "}
{"level":"info","message":"GET en /socket.io/socket.io.js + function toLocaleTimeString() { [native code] } "}
{"level":"info","message":"GET en /api/index.js + function toLocaleTimeString() { [native code] } "}
{"level":"info","message":"POST en /api/carrito/6459b4d5e3d731f2ea6e6380/productos/63c4379fcf23ee959d49b3dc/delete + function toLocaleTimeString() { [native code] } "}
{"level":"info","message":"GET en /api/carrito + function toLocaleTimeString() { [native code] } "}
{"level":"info","message":"GET en /socket.io/socket.io.js + function toLocaleTimeString() { [native code] } "}
{"level":"info","message":"GET en /api/index.js + function toLocaleTimeString() { [native code] } "}
{"level":"info","message":"GET en / + function toLocaleTimeString() { [native code] } "}
{"level":"info","message":"GET en /socket.io/socket.io.js + function toLocaleTimeString() { [native code] } "}
{"level":"info","message":"GET en /index.js + function toLocaleTimeString() { [native code] } "}
{"level":"info","message":"GET en /api/carrito + function toLocaleTimeString() { [native code] } "}
{"level":"info","message":"GET en /socket.io/socket.io.js + function toLocaleTimeString() { [native code] } "}
{"level":"info","message":"GET en /api/index.js + function toLocaleTimeString() { [native code] } "}
{"level":"info","message":"POST en /api/carrito/6459b4d5e3d731f2ea6e6380/productos/63c4379fcf23ee959d49b3d8/increment + function toLocaleTimeString() { [native code] } "}
{"level":"info","message":"GET en /api/carrito + function toLocaleTimeString() { [native code] } "}
{"level":"info","message":"GET en /socket.io/socket.io.js + function toLocaleTimeString() { [native code] } "}
{"level":"info","message":"GET en /api/index.js + function toLocaleTimeString() { [native code] } "}
{"level":"info","message":"POST en /api/carrito/6459b4d5e3d731f2ea6e6380/productos/63c4379fcf23ee959d49b3d8/decrement + function toLocaleTimeString() { [native code] } "}
{"level":"info","message":"GET en /api/carrito + function toLocaleTimeString() { [native code] } "}
{"level":"info","message":"GET en /socket.io/socket.io.js + function toLocaleTimeString() { [native code] } "}
{"level":"info","message":"GET en /api/index.js + function toLocaleTimeString() { [native code] } "}
{"level":"info","message":"GET en / + function toLocaleTimeString() { [native code] } "}
{"level":"info","message":"GET en /socket.io/socket.io.js + function toLocaleTimeString() { [native code] } "}
{"level":"info","message":"GET en /index.js + function toLocaleTimeString() { [native code] } "}
{"level":"info","message":"POST en /api/carrito/6459b4d5e3d731f2ea6e6380/productos/63c4379fcf23ee959d49b3da + function toLocaleTimeString() { [native code] } "}
{"level":"info","message":"GET en /api/carrito + function toLocaleTimeString() { [native code] } "}
{"level":"info","message":"GET en /socket.io/socket.io.js + function toLocaleTimeString() { [native code] } "}
{"level":"info","message":"GET en /api/index.js + function toLocaleTimeString() { [native code] } "}
{"level":"info","message":"POST en /api/carrito/6459b4d5e3d731f2ea6e6380/productos/63c4379fcf23ee959d49b3da/increment + function toLocaleTimeString() { [native code] } "}
{"level":"info","message":"GET en /api/carrito + function toLocaleTimeString() { [native code] } "}
{"level":"info","message":"GET en /socket.io/socket.io.js + function toLocaleTimeString() { [native code] } "}
{"level":"info","message":"GET en /api/index.js + function toLocaleTimeString() { [native code] } "}
{"level":"info","message":"GET en /api/carrito + function toLocaleTimeString() { [native code] } "}
{"level":"info","message":"GET en /api/auth/login + function toLocaleTimeString() { [native code] } "}
{"level":"info","message":"GET en /login + function toLocaleTimeString() { [native code] } "}
{"level":"info","message":"GET en /socket.io/socket.io.js + function toLocaleTimeString() { [native code] } "}
{"level":"info","message":"GET en /api/auth/index.js + function toLocaleTimeString() { [native code] } "}
{"level":"info","message":"POST en /api/auth/login + function toLocaleTimeString() { [native code] } "}
{"level":"info","message":"GET en / + function toLocaleTimeString() { [native code] } "}
{"level":"info","message":"GET en /socket.io/socket.io.js + function toLocaleTimeString() { [native code] } "}
{"level":"info","message":"GET en /index.js + function toLocaleTimeString() { [native code] } "}
{"level":"info","message":"GET en /api/carrito + function toLocaleTimeString() { [native code] } "}
{"level":"info","message":"GET en /socket.io/socket.io.js + function toLocaleTimeString() { [native code] } "}
{"level":"info","message":"GET en /api/index.js + function toLocaleTimeString() { [native code] } "}
{"level":"info","message":"GET en /api/carritos + function toLocaleTimeString() { [native code] } "}
{"level":"info","message":"GET en / + function toLocaleTimeString() { [native code] } "}
{"level":"info","message":"GET en /socket.io/socket.io.js + function toLocaleTimeString() { [native code] } "}
{"level":"info","message":"GET en /index.js + function toLocaleTimeString() { [native code] } "}
{"level":"info","message":"GET en /api/productos + function toLocaleTimeString() { [native code] } "}
{"level":"info","message":"GET en /socket.io/socket.io.js + function toLocaleTimeString() { [native code] } "}
{"level":"info","message":"GET en /api/index.js + function toLocaleTimeString() { [native code] } "}
{"level":"info","message":"GET en /api/carritos + function toLocaleTimeString() { [native code] } "}
{"level":"info","message":"GET en /api/carrito + function toLocaleTimeString() { [native code] } "}
{"level":"info","message":"GET en /socket.io/socket.io.js + function toLocaleTimeString() { [native code] } "}
{"level":"info","message":"GET en /api/index.js + function toLocaleTimeString() { [native code] } "}
{"level":"info","message":"GET en / + function toLocaleTimeString() { [native code] } "}
{"level":"info","message":"GET en /socket.io/socket.io.js + function toLocaleTimeString() { [native code] } "}
{"level":"info","message":"GET en /index.js + function toLocaleTimeString() { [native code] } "}
{"level":"info","message":"GET en / + function toLocaleTimeString() { [native code] } "}
{"level":"info","message":"GET en /socket.io/socket.io.js + function toLocaleTimeString() { [native code] } "}
{"level":"info","message":"GET en /index.js + function toLocaleTimeString() { [native code] } "}
{"level":"info","message":"GET en / + function toLocaleTimeString() { [native code] } "}
{"level":"info","message":"GET en /socket.io/socket.io.js + function toLocaleTimeString() { [native code] } "}
{"level":"info","message":"GET en /index.js + function toLocaleTimeString() { [native code] } "}
{"level":"info","message":"GET en /api/carrito + function toLocaleTimeString() { [native code] } "}
{"level":"info","message":"GET en /socket.io/socket.io.js + function toLocaleTimeString() { [native code] } "}
{"level":"info","message":"GET en /api/index.js + function toLocaleTimeString() { [native code] } "}
{"level":"info","message":"GET en /api/profile + function toLocaleTimeString() { [native code] } "}
{"level":"info","message":"GET en / + function toLocaleTimeString() { [native code] } "}
{"level":"info","message":"GET en /socket.io/socket.io.js + function toLocaleTimeString() { [native code] } "}
{"level":"info","message":"GET en /api/index.js + function toLocaleTimeString() { [native code] } "}
{"level":"info","message":"GET en /socket.io/socket.io.js + function toLocaleTimeString() { [native code] } "}
{"level":"info","message":"GET en / + function toLocaleTimeString() { [native code] } "}
{"level":"info","message":"GET en /socket.io/socket.io.js + function toLocaleTimeString() { [native code] } "}
{"level":"info","message":"GET en /index.js + function toLocaleTimeString() { [native code] } "}
{"level":"info","message":"GET en /api/carrito + function toLocaleTimeString() { [native code] } "}
{"level":"info","message":"GET en /socket.io/socket.io.js + function toLocaleTimeString() { [native code] } "}
{"level":"info","message":"GET en /api/index.js + function toLocaleTimeString() { [native code] } "}
